app/build/intermediates/manifest_merge_blame_file/debug/processDebugMainManifest/manifest-merger-blame-debug-report.txt
1<?xml version="1.0" encoding="utf-8"?>
2<manifest xmlns:android="http://schemas.android.com/apk/res/android"
3    package="com.varun.akva"
4    android:versionCode="1"
5    android:versionName="1.0" >
6
7    <uses-sdk
8        android:minSdkVersion="29"
9        android:targetSdkVersion="34" />
10
11    <uses-permission android:name="android.permission.RECEIVE_BOOT_COMPLETED" />
11-->src/main/AndroidManifest.xml:5:5-81
11-->src/main/AndroidManifest.xml:5:22-78
12    <uses-permission android:name="android.permission.FOREGROUND_SERVICE" />
12-->src/main/AndroidManifest.xml:6:5-77
12-->src/main/AndroidManifest.xml:6:22-74
13    <uses-permission android:name="android.permission.FOREGROUND_SERVICE_SPECIAL_USE" />
13-->src/main/AndroidManifest.xml:7:5-89
13-->src/main/AndroidManifest.xml:7:22-86
14    <uses-permission android:name="android.permission.SYSTEM_ALERT_WINDOW" />
14-->src/main/AndroidManifest.xml:8:5-78
14-->src/main/AndroidManifest.xml:8:22-75
15    <uses-permission android:name="android.permission.VIBRATE" />
15-->src/main/AndroidManifest.xml:9:5-66
15-->src/main/AndroidManifest.xml:9:22-63
16    <uses-permission android:name="android.permission.INTERNET" />
16-->src/main/AndroidManifest.xml:10:5-67
16-->src/main/AndroidManifest.xml:10:22-64
17    <uses-permission android:name="android.permission.ACCESS_NETWORK_STATE" />
17-->src/main/AndroidManifest.xml:11:5-79
17-->src/main/AndroidManifest.xml:11:22-76
18    <uses-permission android:name="android.permission.RECORD_AUDIO" />
18-->src/main/AndroidManifest.xml:12:5-71
18-->src/main/AndroidManifest.xml:12:22-68
19    <uses-permission android:name="android.permission.READ_PHONE_STATE" />
19-->src/main/AndroidManifest.xml:13:5-75
19-->src/main/AndroidManifest.xml:13:22-72
20    <uses-permission android:name="android.permission.POST_NOTIFICATIONS" />
20-->src/main/AndroidManifest.xml:14:5-77
20-->src/main/AndroidManifest.xml:14:22-74
21    <uses-permission android:name="android.permission.REQUEST_IGNORE_BATTERY_OPTIMIZATIONS" />
21-->src/main/AndroidManifest.xml:15:5-95
21-->src/main/AndroidManifest.xml:15:22-92
22    <uses-permission android:name="android.permission.READ_CALL_LOG" />
22-->src/main/AndroidManifest.xml:16:5-72
22-->src/main/AndroidManifest.xml:16:22-69
23    <uses-permission android:name="android.permission.READ_CONTACTS" />
23-->src/main/AndroidManifest.xml:17:5-72
23-->src/main/AndroidManifest.xml:17:22-69
24    <uses-permission android:name="android.permission.CALL_PHONE" />
24-->src/main/AndroidManifest.xml:18:5-69
24-->src/main/AndroidManifest.xml:18:22-66
25    <uses-permission android:name="android.permission.ANSWER_PHONE_CALLS" />
25-->src/main/AndroidManifest.xml:19:5-77
25-->src/main/AndroidManifest.xml:19:22-74
26    <uses-permission android:name="android.permission.READ_CALENDAR" />
26-->src/main/AndroidManifest.xml:20:5-72
26-->src/main/AndroidManifest.xml:20:22-69
27    <uses-permission android:name="android.permission.CAMERA" />
27-->src/main/AndroidManifest.xml:21:5-65
27-->src/main/AndroidManifest.xml:21:22-62
28
29    <uses-feature android:name="android.hardware.camera.flash" />
29-->src/main/AndroidManifest.xml:22:5-66
29-->src/main/AndroidManifest.xml:22:19-63
30
31    <uses-permission android:name="android.permission.WAKE_LOCK" />
31-->[androidx.work:work-runtime:2.9.0] AndroidManifest.xml:23:5-68
31-->[androidx.work:work-runtime:2.9.0] AndroidManifest.xml:23:22-65
32
33    <permission
33-->[androidx.core:core:1.12.0] AndroidManifest.xml:22:5-24:47
34        android:name="com.varun.akva.DYNAMIC_RECEIVER_NOT_EXPORTED_PERMISSION"
34-->[androidx.core:core:1.12.0] AndroidManifest.xml:23:9-81
35        android:protectionLevel="signature" />
35-->[androidx.core:core:1.12.0] AndroidManifest.xml:24:9-44
36
37    <uses-permission android:name="com.varun.akva.DYNAMIC_RECEIVER_NOT_EXPORTED_PERMISSION" />
37-->[androidx.core:core:1.12.0] AndroidManifest.xml:26:5-97
37-->[androidx.core:core:1.12.0] AndroidManifest.xml:26:22-94
38
39    <application
39-->src/main/AndroidManifest.xml:23:5-82:19
40        android:name="com.varun.akva.AKVAApplication"
40-->src/main/AndroidManifest.xml:24:9-40
41        android:allowBackup="true"
41-->src/main/AndroidManifest.xml:25:9-35
42        android:appComponentFactory="androidx.core.app.CoreComponentFactory"
42-->[androidx.core:core:1.12.0] AndroidManifest.xml:28:18-86
43        android:dataExtractionRules="@xml/data_extraction_rules"
43-->src/main/AndroidManifest.xml:26:9-65
44        android:debuggable="true"
45        android:extractNativeLibs="false"
46        android:fullBackupContent="@xml/backup_rules"
46-->src/main/AndroidManifest.xml:27:9-54
47        android:icon="@mipmap/ic_launcher"
47-->src/main/AndroidManifest.xml:28:9-43
48        android:label="@string/app_name"
48-->src/main/AndroidManifest.xml:29:9-41
49        android:supportsRtl="true"
49-->src/main/AndroidManifest.xml:30:9-35
50        android:theme="@style/Theme.AKVA" >
50-->src/main/AndroidManifest.xml:31:9-42
51        <activity
51-->src/main/AndroidManifest.xml:34:9-42:20
52            android:name="com.varun.akva.MainActivity"
52-->src/main/AndroidManifest.xml:35:13-41
53            android:exported="true"
53-->src/main/AndroidManifest.xml:36:13-36
54            android:theme="@style/Theme.AKVA.Splash" >
54-->src/main/AndroidManifest.xml:37:13-53
55            <intent-filter>
55-->src/main/AndroidManifest.xml:38:13-41:29
56                <action android:name="android.intent.action.MAIN" />
56-->src/main/AndroidManifest.xml:39:17-69
56-->src/main/AndroidManifest.xml:39:25-66
57
58                <category android:name="android.intent.category.LAUNCHER" />
58-->src/main/AndroidManifest.xml:40:17-77
58-->src/main/AndroidManifest.xml:40:27-74
59            </intent-filter>
60        </activity>
61
62        <service
62-->src/main/AndroidManifest.xml:44:9-54:19
63            android:name="com.varun.akva.services.AKVAAccessibilityService"
63-->src/main/AndroidManifest.xml:45:13-62
64            android:exported="false"
64-->src/main/AndroidManifest.xml:46:13-37
65            android:permission="android.permission.BIND_ACCESSIBILITY_SERVICE" >
65-->src/main/AndroidManifest.xml:47:13-79
66            <intent-filter>
66-->src/main/AndroidManifest.xml:48:13-50:29
67                <action android:name="android.accessibilityservice.AccessibilityService" />
67-->src/main/AndroidManifest.xml:49:17-92
67-->src/main/AndroidManifest.xml:49:25-89
68            </intent-filter>
69
70            <meta-data
70-->src/main/AndroidManifest.xml:51:13-53:72
71                android:name="android.accessibilityservice"
71-->src/main/AndroidManifest.xml:52:17-60
72                android:resource="@xml/accessibility_service_config" />
72-->src/main/AndroidManifest.xml:53:17-69
73        </service>
74        <service
74-->src/main/AndroidManifest.xml:56:9-66:19
75            android:name="com.varun.akva.services.AKVANotificationListener"
75-->src/main/AndroidManifest.xml:57:13-62
76            android:exported="false"
76-->src/main/AndroidManifest.xml:58:13-37
77            android:permission="android.permission.BIND_NOTIFICATION_LISTENER_SERVICE" >
77-->src/main/AndroidManifest.xml:59:13-87
78            <intent-filter>
78-->src/main/AndroidManifest.xml:60:13-62:29
79                <action android:name="android.service.notification.NotificationListenerService" />
79-->src/main/AndroidManifest.xml:61:17-99
79-->src/main/AndroidManifest.xml:61:25-96
80            </intent-filter>
81
82            <meta-data
82-->src/main/AndroidManifest.xml:63:13-65:71
83                android:name="android.service.notification.NotificationListenerService"
83-->src/main/AndroidManifest.xml:64:17-88
84                android:resource="@xml/notification_service_config" />
84-->src/main/AndroidManifest.xml:65:17-68
85        </service>
86        <service
86-->src/main/AndroidManifest.xml:68:9-71:58
87            android:name="com.varun.akva.services.AKVABackgroundService"
87-->src/main/AndroidManifest.xml:69:13-59
88            android:exported="false"
88-->src/main/AndroidManifest.xml:70:13-37
89            android:foregroundServiceType="specialUse" />
89-->src/main/AndroidManifest.xml:71:13-55
90
91        <receiver
91-->src/main/AndroidManifest.xml:73:9-80:20
92            android:name="com.varun.akva.services.BootReceiver"
92-->src/main/AndroidManifest.xml:74:13-50
93            android:exported="true" >
93-->src/main/AndroidManifest.xml:75:13-36
94            <intent-filter>
94-->src/main/AndroidManifest.xml:76:13-79:29
95                <action android:name="android.intent.action.BOOT_COMPLETED" />
95-->src/main/AndroidManifest.xml:77:17-79
95-->src/main/AndroidManifest.xml:77:25-76
96                <action android:name="android.intent.action.QUICKBOOT_POWERON" />
96-->src/main/AndroidManifest.xml:78:17-82
96-->src/main/AndroidManifest.xml:78:25-79
97            </intent-filter>
98        </receiver>
99
100        <provider
100-->[androidx.work:work-runtime:2.9.0] AndroidManifest.xml:29:9-37:20
101            android:name="androidx.startup.InitializationProvider"
101-->[androidx.work:work-runtime:2.9.0] AndroidManifest.xml:30:13-67
102            android:authorities="com.varun.akva.androidx-startup"
102-->[androidx.work:work-runtime:2.9.0] AndroidManifest.xml:31:13-68
103            android:exported="false" >
103-->[androidx.work:work-runtime:2.9.0] AndroidManifest.xml:32:13-37
104            <meta-data
104-->[androidx.work:work-runtime:2.9.0] AndroidManifest.xml:34:13-36:52
105                android:name="androidx.work.WorkManagerInitializer"
105-->[androidx.work:work-runtime:2.9.0] AndroidManifest.xml:35:17-68
106                android:value="androidx.startup" />
106-->[androidx.work:work-runtime:2.9.0] AndroidManifest.xml:36:17-49
107            <meta-data
107-->[androidx.emoji2:emoji2:1.3.0] AndroidManifest.xml:29:13-31:52
108                android:name="androidx.emoji2.text.EmojiCompatInitializer"
108-->[androidx.emoji2:emoji2:1.3.0] AndroidManifest.xml:30:17-75
109                android:value="androidx.startup" />
109-->[androidx.emoji2:emoji2:1.3.0] AndroidManifest.xml:31:17-49
110            <meta-data
110-->[androidx.lifecycle:lifecycle-process:2.7.0] AndroidManifest.xml:29:13-31:52
111                android:name="androidx.lifecycle.ProcessLifecycleInitializer"
111-->[androidx.lifecycle:lifecycle-process:2.7.0] AndroidManifest.xml:30:17-78
112                android:value="androidx.startup" />
112-->[androidx.lifecycle:lifecycle-process:2.7.0] AndroidManifest.xml:31:17-49
113            <meta-data
113-->[androidx.profileinstaller:profileinstaller:1.3.0] AndroidManifest.xml:29:13-31:52
114                android:name="androidx.profileinstaller.ProfileInstallerInitializer"
114-->[androidx.profileinstaller:profileinstaller:1.3.0] AndroidManifest.xml:30:17-85
115                android:value="androidx.startup" />
115-->[androidx.profileinstaller:profileinstaller:1.3.0] AndroidManifest.xml:31:17-49
116        </provider>
117
118        <service
118-->[androidx.work:work-runtime:2.9.0] AndroidManifest.xml:39:9-45:35
119            android:name="androidx.work.impl.background.systemalarm.SystemAlarmService"
119-->[androidx.work:work-runtime:2.9.0] AndroidManifest.xml:40:13-88
120            android:directBootAware="false"
120-->[androidx.work:work-runtime:2.9.0] AndroidManifest.xml:41:13-44
121            android:enabled="@bool/enable_system_alarm_service_default"
121-->[androidx.work:work-runtime:2.9.0] AndroidManifest.xml:42:13-72
122            android:exported="false" />
122-->[androidx.work:work-runtime:2.9.0] AndroidManifest.xml:43:13-37
123        <service
123-->[androidx.work:work-runtime:2.9.0] AndroidManifest.xml:46:9-52:35
124            android:name="androidx.work.impl.background.systemjob.SystemJobService"
124-->[androidx.work:work-runtime:2.9.0] AndroidManifest.xml:47:13-84
125            android:directBootAware="false"
125-->[androidx.work:work-runtime:2.9.0] AndroidManifest.xml:48:13-44
126            android:enabled="@bool/enable_system_job_service_default"
126-->[androidx.work:work-runtime:2.9.0] AndroidManifest.xml:49:13-70
127            android:exported="true"
127-->[androidx.work:work-runtime:2.9.0] AndroidManifest.xml:50:13-36
128            android:permission="android.permission.BIND_JOB_SERVICE" />
128-->[androidx.work:work-runtime:2.9.0] AndroidManifest.xml:51:13-69
129        <service
129-->[androidx.work:work-runtime:2.9.0] AndroidManifest.xml:53:9-59:35
130            android:name="androidx.work.impl.foreground.SystemForegroundService"
130-->[androidx.work:work-runtime:2.9.0] AndroidManifest.xml:54:13-81
131            android:directBootAware="false"
131-->[androidx.work:work-runtime:2.9.0] AndroidManifest.xml:55:13-44
132            android:enabled="@bool/enable_system_foreground_service_default"
132-->[androidx.work:work-runtime:2.9.0] AndroidManifest.xml:56:13-77
133            android:exported="false" />
133-->[androidx.work:work-runtime:2.9.0] AndroidManifest.xml:57:13-37
134
135        <receiver
135-->[androidx.work:work-runtime:2.9.0] AndroidManifest.xml:61:9-66:35
136            android:name="androidx.work.impl.utils.ForceStopRunnable$BroadcastReceiver"
136-->[androidx.work:work-runtime:2.9.0] AndroidManifest.xml:62:13-88
137            android:directBootAware="false"
137-->[androidx.work:work-runtime:2.9.0] AndroidManifest.xml:63:13-44
138            android:enabled="true"
138-->[androidx.work:work-runtime:2.9.0] AndroidManifest.xml:64:13-35
139            android:exported="false" />
139-->[androidx.work:work-runtime:2.9.0] AndroidManifest.xml:65:13-37
140        <receiver
140-->[androidx.work:work-runtime:2.9.0] AndroidManifest.xml:67:9-77:20
141            android:name="androidx.work.impl.background.systemalarm.ConstraintProxy$BatteryChargingProxy"
141-->[androidx.work:work-runtime:2.9.0] AndroidManifest.xml:68:13-106
142            android:directBootAware="false"
142-->[androidx.work:work-runtime:2.9.0] AndroidManifest.xml:69:13-44
143            android:enabled="false"
143-->[androidx.work:work-runtime:2.9.0] AndroidManifest.xml:70:13-36
144            android:exported="false" >
144-->[androidx.work:work-runtime:2.9.0] AndroidManifest.xml:71:13-37
145            <intent-filter>
145-->[androidx.work:work-runtime:2.9.0] AndroidManifest.xml:73:13-76:29
146                <action android:name="android.intent.action.ACTION_POWER_CONNECTED" />
146-->[androidx.work:work-runtime:2.9.0] AndroidManifest.xml:74:17-87
146-->[androidx.work:work-runtime:2.9.0] AndroidManifest.xml:74:25-84
147                <action android:name="android.intent.action.ACTION_POWER_DISCONNECTED" />
147-->[androidx.work:work-runtime:2.9.0] AndroidManifest.xml:75:17-90
147-->[androidx.work:work-runtime:2.9.0] AndroidManifest.xml:75:25-87
148            </intent-filter>
149        </receiver>
150        <receiver
150-->[androidx.work:work-runtime:2.9.0] AndroidManifest.xml:78:9-88:20
151            android:name="androidx.work.impl.background.systemalarm.ConstraintProxy$BatteryNotLowProxy"
151-->[androidx.work:work-runtime:2.9.0] AndroidManifest.xml:79:13-104
152            android:directBootAware="false"
152-->[androidx.work:work-runtime:2.9.0] AndroidManifest.xml:80:13-44
153            android:enabled="false"
153-->[androidx.work:work-runtime:2.9.0] AndroidManifest.xml:81:13-36
154            android:exported="false" >
154-->[androidx.work:work-runtime:2.9.0] AndroidManifest.xml:82:13-37
155            <intent-filter>
155-->[androidx.work:work-runtime:2.9.0] AndroidManifest.xml:84:13-87:29
156                <action android:name="android.intent.action.BATTERY_OKAY" />
156-->[androidx.work:work-runtime:2.9.0] AndroidManifest.xml:85:17-77
156-->[androidx.work:work-runtime:2.9.0] AndroidManifest.xml:85:25-74
157                <action android:name="android.intent.action.BATTERY_LOW" />
157-->[androidx.work:work-runtime:2.9.0] AndroidManifest.xml:86:17-76
157-->[androidx.work:work-runtime:2.9.0] AndroidManifest.xml:86:25-73
158            </intent-filter>
159        </receiver>
160        <receiver
160-->[androidx.work:work-runtime:2.9.0] AndroidManifest.xml:89:9-99:20
161            android:name="androidx.work.impl.background.systemalarm.ConstraintProxy$StorageNotLowProxy"
161-->[androidx.work:work-runtime:2.9.0] AndroidManifest.xml:90:13-104
162            android:directBootAware="false"
162-->[androidx.work:work-runtime:2.9.0] AndroidManifest.xml:91:13-44
163            android:enabled="false"
163-->[androidx.work:work-runtime:2.9.0] AndroidManifest.xml:92:13-36
164            android:exported="false" >
164-->[androidx.work:work-runtime:2.9.0] AndroidManifest.xml:93:13-37
165            <intent-filter>
165-->[androidx.work:work-runtime:2.9.0] AndroidManifest.xml:95:13-98:29
166                <action android:name="android.intent.action.DEVICE_STORAGE_LOW" />
166-->[androidx.work:work-runtime:2.9.0] AndroidManifest.xml:96:17-83
166-->[androidx.work:work-runtime:2.9.0] AndroidManifest.xml:96:25-80
167                <action android:name="android.intent.action.DEVICE_STORAGE_OK" />
167-->[androidx.work:work-runtime:2.9.0] AndroidManifest.xml:97:17-82
167-->[androidx.work:work-runtime:2.9.0] AndroidManifest.xml:97:25-79
168            </intent-filter>
169        </receiver>
170        <receiver
170-->[androidx.work:work-runtime:2.9.0] AndroidManifest.xml:100:9-109:20
171            android:name="androidx.work.impl.background.systemalarm.ConstraintProxy$NetworkStateProxy"
171-->[androidx.work:work-runtime:2.9.0] AndroidManifest.xml:101:13-103
172            android:directBootAware="false"
172-->[androidx.work:work-runtime:2.9.0] AndroidManifest.xml:102:13-44
173            android:enabled="false"
173-->[androidx.work:work-runtime:2.9.0] AndroidManifest.xml:103:13-36
174            android:exported="false" >
174-->[androidx.work:work-runtime:2.9.0] AndroidManifest.xml:104:13-37
175            <intent-filter>
175-->[androidx.work:work-runtime:2.9.0] AndroidManifest.xml:106:13-108:29
176                <action android:name="android.net.conn.CONNECTIVITY_CHANGE" />
176-->[androidx.work:work-runtime:2.9.0] AndroidManifest.xml:107:17-79
176-->[androidx.work:work-runtime:2.9.0] AndroidManifest.xml:107:25-76
177            </intent-filter>
178        </receiver>
179        <receiver
179-->[androidx.work:work-runtime:2.9.0] AndroidManifest.xml:110:9-121:20
180            android:name="androidx.work.impl.background.systemalarm.RescheduleReceiver"
180-->[androidx.work:work-runtime:2.9.0] AndroidManifest.xml:111:13-88
181            android:directBootAware="false"
181-->[androidx.work:work-runtime:2.9.0] AndroidManifest.xml:112:13-44
182            android:enabled="false"
182-->[androidx.work:work-runtime:2.9.0] AndroidManifest.xml:113:13-36
183            android:exported="false" >
183-->[androidx.work:work-runtime:2.9.0] AndroidManifest.xml:114:13-37
184            <intent-filter>
184-->[androidx.work:work-runtime:2.9.0] AndroidManifest.xml:116:13-120:29
185                <action android:name="android.intent.action.BOOT_COMPLETED" />
185-->src/main/AndroidManifest.xml:77:17-79
185-->src/main/AndroidManifest.xml:77:25-76
186                <action android:name="android.intent.action.TIME_SET" />
186-->[androidx.work:work-runtime:2.9.0] AndroidManifest.xml:118:17-73
186-->[androidx.work:work-runtime:2.9.0] AndroidManifest.xml:118:25-70
187                <action android:name="android.intent.action.TIMEZONE_CHANGED" />
187-->[androidx.work:work-runtime:2.9.0] AndroidManifest.xml:119:17-81
187-->[androidx.work:work-runtime:2.9.0] AndroidManifest.xml:119:25-78
188            </intent-filter>
189        </receiver>
190        <receiver
190-->[androidx.work:work-runtime:2.9.0] AndroidManifest.xml:122:9-131:20
191            android:name="androidx.work.impl.background.systemalarm.ConstraintProxyUpdateReceiver"
191-->[androidx.work:work-runtime:2.9.0] AndroidManifest.xml:123:13-99
192            android:directBootAware="false"
192-->[androidx.work:work-runtime:2.9.0] AndroidManifest.xml:124:13-44
193            android:enabled="@bool/enable_system_alarm_service_default"
193-->[androidx.work:work-runtime:2.9.0] AndroidManifest.xml:125:13-72
194            android:exported="false" >
194-->[androidx.work:work-runtime:2.9.0] AndroidManifest.xml:126:13-37
195            <intent-filter>
195-->[androidx.work:work-runtime:2.9.0] AndroidManifest.xml:128:13-130:29
196                <action android:name="androidx.work.impl.background.systemalarm.UpdateProxies" />
196-->[androidx.work:work-runtime:2.9.0] AndroidManifest.xml:129:17-98
196-->[androidx.work:work-runtime:2.9.0] AndroidManifest.xml:129:25-95
197            </intent-filter>
198        </receiver>
199        <receiver
199-->[androidx.work:work-runtime:2.9.0] AndroidManifest.xml:132:9-142:20
200            android:name="androidx.work.impl.diagnostics.DiagnosticsReceiver"
200-->[androidx.work:work-runtime:2.9.0] AndroidManifest.xml:133:13-78
201            android:directBootAware="false"
201-->[androidx.work:work-runtime:2.9.0] AndroidManifest.xml:134:13-44
202            android:enabled="true"
202-->[androidx.work:work-runtime:2.9.0] AndroidManifest.xml:135:13-35
203            android:exported="true"
203-->[androidx.work:work-runtime:2.9.0] AndroidManifest.xml:136:13-36
204            android:permission="android.permission.DUMP" >
204-->[androidx.work:work-runtime:2.9.0] AndroidManifest.xml:137:13-57
205            <intent-filter>
205-->[androidx.work:work-runtime:2.9.0] AndroidManifest.xml:139:13-141:29
206                <action android:name="androidx.work.diagnostics.REQUEST_DIAGNOSTICS" />
206-->[androidx.work:work-runtime:2.9.0] AndroidManifest.xml:140:17-88
206-->[androidx.work:work-runtime:2.9.0] AndroidManifest.xml:140:25-85
207            </intent-filter>
208        </receiver>
209
210        <activity
210-->[androidx.compose.ui:ui-tooling-android:1.6.1] AndroidManifest.xml:23:9-25:39
211            android:name="androidx.compose.ui.tooling.PreviewActivity"
211-->[androidx.compose.ui:ui-tooling-android:1.6.1] AndroidManifest.xml:24:13-71
212            android:exported="true" />
212-->[androidx.compose.ui:ui-tooling-android:1.6.1] AndroidManifest.xml:25:13-36
213
214        <service
214-->[androidx.room:room-runtime:2.6.1] AndroidManifest.xml:24:9-28:63
215            android:name="androidx.room.MultiInstanceInvalidationService"
215-->[androidx.room:room-runtime:2.6.1] AndroidManifest.xml:25:13-74
216            android:directBootAware="true"
216-->[androidx.room:room-runtime:2.6.1] AndroidManifest.xml:26:13-43
217            android:exported="false" />
217-->[androidx.room:room-runtime:2.6.1] AndroidManifest.xml:27:13-37
218
219        <receiver
219-->[androidx.profileinstaller:profileinstaller:1.3.0] AndroidManifest.xml:34:9-52:20
220            android:name="androidx.profileinstaller.ProfileInstallReceiver"
220-->[androidx.profileinstaller:profileinstaller:1.3.0] AndroidManifest.xml:35:13-76
221            android:directBootAware="false"
221-->[androidx.profileinstaller:profileinstaller:1.3.0] AndroidManifest.xml:36:13-44
222            android:enabled="true"
222-->[androidx.profileinstaller:profileinstaller:1.3.0] AndroidManifest.xml:37:13-35
223            android:exported="true"
223-->[androidx.profileinstaller:profileinstaller:1.3.0] AndroidManifest.xml:38:13-36
224            android:permission="android.permission.DUMP" >
224-->[androidx.profileinstaller:profileinstaller:1.3.0] AndroidManifest.xml:39:13-57
225            <intent-filter>
225-->[androidx.profileinstaller:profileinstaller:1.3.0] AndroidManifest.xml:40:13-42:29
226                <action android:name="androidx.profileinstaller.action.INSTALL_PROFILE" />
226-->[androidx.profileinstaller:profileinstaller:1.3.0] AndroidManifest.xml:41:17-91
226-->[androidx.profileinstaller:profileinstaller:1.3.0] AndroidManifest.xml:41:25-88
227            </intent-filter>
228            <intent-filter>
228-->[androidx.profileinstaller:profileinstaller:1.3.0] AndroidManifest.xml:43:13-45:29
229                <action android:name="androidx.profileinstaller.action.SKIP_FILE" />
229-->[androidx.profileinstaller:profileinstaller:1.3.0] AndroidManifest.xml:44:17-85
229-->[androidx.profileinstaller:profileinstaller:1.3.0] AndroidManifest.xml:44:25-82
230            </intent-filter>
231            <intent-filter>
231-->[androidx.profileinstaller:profileinstaller:1.3.0] AndroidManifest.xml:46:13-48:29
232                <action android:name="androidx.profileinstaller.action.SAVE_PROFILE" />
232-->[androidx.profileinstaller:profileinstaller:1.3.0] AndroidManifest.xml:47:17-88
232-->[androidx.profileinstaller:profileinstaller:1.3.0] AndroidManifest.xml:47:25-85
233            </intent-filter>
234            <intent-filter>
234-->[androidx.profileinstaller:profileinstaller:1.3.0] AndroidManifest.xml:49:13-51:29
235                <action android:name="androidx.profileinstaller.action.BENCHMARK_OPERATION" />
235-->[androidx.profileinstaller:profileinstaller:1.3.0] AndroidManifest.xml:50:17-95
235-->[androidx.profileinstaller:profileinstaller:1.3.0] AndroidManifest.xml:50:25-92
236            </intent-filter>
237        </receiver>
238    </application>
239
240</manifest>